Start testing: Apr 25 13:45 CEST
----------------------------------------------------------
Unable to find executable: parse_test
1/3 Testing: parse_test
1/3 Test: parse_test
Command: ""
Directory: /home/kin/sandbox/WebSocketTest/build/tests
"parse_test" start time: 
Output:
----------------------------------------------------------
<end of output>
Test time =   0.00 sec
----------------------------------------------------------
Test Passed.
"parse_test" end time: Apr 25 13:45 CEST
"parse_test" time elapsed: 00:00:00
----------------------------------------------------------

2/3 Testing: crypto_test
2/3 Test: crypto_test
Command: "/home/kin/sandbox/WebSocketTest/build/tests/crypto_test"
Directory: /home/kin/sandbox/WebSocketTest/build/tests
"crypto_test" start time: Apr 25 13:45 CEST
Output:
----------------------------------------------------------
<end of output>
Test time =   0.05 sec
----------------------------------------------------------
Test Passed.
"crypto_test" end time: Apr 25 13:45 CEST
"crypto_test" time elapsed: 00:00:00
----------------------------------------------------------

3/3 Testing: testfoo
3/3 Test: testfoo
Command: "/home/kin/sandbox/WebSocketTest/build/tests/testfoo"
Directory: /home/kin/sandbox/WebSocketTest/build/tests
"testfoo" start time: Apr 25 13:45 CEST
Output:
----------------------------------------------------------
[==========] Running 1 test from 1 test case.
[----------] Global test environment set-up.
[----------] 1 test from FooTest
[ RUN      ] FooTest.ByDefaultBazTrueIsTrue
[       OK ] FooTest.ByDefaultBazTrueIsTrue (0 ms)
[----------] 1 test from FooTest (0 ms total)

[----------] Global test environment tear-down
[==========] 1 test from 1 test case ran. (0 ms total)
[  PASSED  ] 1 test.
<end of output>
Test time =   0.02 sec
----------------------------------------------------------
Test Passed.
"testfoo" end time: Apr 25 13:45 CEST
"testfoo" time elapsed: 00:00:00
----------------------------------------------------------

End testing: Apr 25 13:45 CEST
